2025-09-26 17:17:55,126 INFO o.a.j.u.JMeterUtils: Setting Locale to en_EN
2025-09-26 17:17:55,219 INFO o.a.j.JMeter: Loading user properties from: C:\Users\gouri\Downloads\apache-jmeter-5.6.3\apache-jmeter-5.6.3\bin\user.properties
2025-09-26 17:17:55,222 INFO o.a.j.JMeter: Loading system properties from: C:\Users\gouri\Downloads\apache-jmeter-5.6.3\apache-jmeter-5.6.3\bin\system.properties
2025-09-26 17:17:55,250 INFO o.a.j.JMeter: Copyright (c) 1998-2024 The Apache Software Foundation
2025-09-26 17:17:55,251 INFO o.a.j.JMeter: Version 5.6.3
2025-09-26 17:17:55,252 INFO o.a.j.JMeter: java.version=21.0.6
2025-09-26 17:17:55,252 INFO o.a.j.JMeter: java.vm.name=OpenJDK 64-Bit Server VM
2025-09-26 17:17:55,253 INFO o.a.j.JMeter: os.name=Windows 11
2025-09-26 17:17:55,253 INFO o.a.j.JMeter: os.arch=amd64
2025-09-26 17:17:55,253 INFO o.a.j.JMeter: os.version=10.0
2025-09-26 17:17:55,253 INFO o.a.j.JMeter: file.encoding=UTF-8
2025-09-26 17:17:55,253 INFO o.a.j.JMeter: java.awt.headless=true
2025-09-26 17:17:55,254 INFO o.a.j.JMeter: Max memory     =1073741824
2025-09-26 17:17:55,254 INFO o.a.j.JMeter: Available Processors =8
2025-09-26 17:17:55,307 INFO o.a.j.JMeter: Default Locale=English (EN)
2025-09-26 17:17:55,308 INFO o.a.j.JMeter: JMeter  Locale=English (EN)
2025-09-26 17:17:55,308 INFO o.a.j.JMeter: JMeterHome=C:\Users\gouri\Downloads\apache-jmeter-5.6.3\apache-jmeter-5.6.3
2025-09-26 17:17:55,308 INFO o.a.j.JMeter: user.dir  =C:\Users\gouri\civil
2025-09-26 17:17:55,309 INFO o.a.j.JMeter: PWD       =C:\Users\gouri\civil
2025-09-26 17:17:55,332 INFO o.a.j.JMeter: IP: 172.20.10.2 Name: LAPTOP-R6CM2JFO FullName: LAPTOP-R6CM2JFO
2025-09-26 17:17:55,408 INFO o.a.j.s.FileServer: Default base='C:\Users\gouri\civil'
2025-09-26 17:17:55,420 INFO o.a.j.s.FileServer: Set new base='C:\Users\gouri\civil\civic-lens\tests\jmeter'
2025-09-26 17:17:56,818 INFO o.a.j.s.SaveService: Testplan (JMX) version: 2.2. Testlog (JTL) version: 2.2
2025-09-26 17:17:57,014 INFO o.a.j.s.SaveService: Using SaveService properties version 5.0
2025-09-26 17:17:57,029 INFO o.a.j.s.SaveService: Using SaveService properties file encoding UTF-8
2025-09-26 17:17:57,048 INFO o.a.j.s.SaveService: Loading file: civic-lens\tests\jmeter\api-test-final2.jmx
2025-09-26 17:17:57,356 INFO o.a.j.p.h.s.HTTPSamplerBase: Parser for text/html is org.apache.jmeter.protocol.http.parser.LagartoBasedHtmlParser
2025-09-26 17:17:57,357 INFO o.a.j.p.h.s.HTTPSamplerBase: Parser for application/xhtml+xml is org.apache.jmeter.protocol.http.parser.LagartoBasedHtmlParser
2025-09-26 17:17:57,357 INFO o.a.j.p.h.s.HTTPSamplerBase: Parser for application/xml is org.apache.jmeter.protocol.http.parser.LagartoBasedHtmlParser
2025-09-26 17:17:57,357 INFO o.a.j.p.h.s.HTTPSamplerBase: Parser for text/xml is org.apache.jmeter.protocol.http.parser.LagartoBasedHtmlParser
2025-09-26 17:17:57,357 INFO o.a.j.p.h.s.HTTPSamplerBase: Parser for text/vnd.wap.wml is org.apache.jmeter.protocol.http.parser.RegexpHTMLParser
2025-09-26 17:17:57,357 INFO o.a.j.p.h.s.HTTPSamplerBase: Parser for text/css is org.apache.jmeter.protocol.http.parser.CssParser
2025-09-26 17:17:57,475 INFO o.a.j.JMeter: Creating summariser <summary>
2025-09-26 17:17:57,554 INFO o.a.j.e.StandardJMeterEngine: Running the test!
2025-09-26 17:17:57,556 INFO o.a.j.s.SampleEvent: List of sample_variables: []
2025-09-26 17:17:57,556 INFO o.a.j.s.SampleEvent: List of sample_variables: []
2025-09-26 17:17:57,578 INFO o.a.j.e.u.CompoundVariable: Note: Function class names must contain the string: '.functions.'
2025-09-26 17:17:57,580 INFO o.a.j.e.u.CompoundVariable: Note: Function class names must not contain the string: '.gui.'
2025-09-26 17:17:57,998 INFO o.a.j.JMeter: Running test (1758887277998)
2025-09-26 17:17:58,047 INFO o.a.j.e.StandardJMeterEngine: Starting ThreadGroup: 1 : Admin Login
2025-09-26 17:17:58,048 INFO o.a.j.e.StandardJMeterEngine: Starting 1 threads for group Admin Login.
2025-09-26 17:17:58,049 INFO o.a.j.e.StandardJMeterEngine: Thread will continue on error
2025-09-26 17:17:58,050 INFO o.a.j.t.ThreadGroup: Starting thread group... number=1 threads=1 ramp-up=1 delayedStart=false
2025-09-26 17:17:58,063 INFO o.a.j.t.ThreadGroup: Started thread group number 1
2025-09-26 17:17:58,063 INFO o.a.j.e.StandardJMeterEngine: Starting ThreadGroup: 2 : User Registration
2025-09-26 17:17:58,063 INFO o.a.j.e.StandardJMeterEngine: Starting 1 threads for group User Registration.
2025-09-26 17:17:58,064 INFO o.a.j.e.StandardJMeterEngine: Thread will continue on error
2025-09-26 17:17:58,064 INFO o.a.j.t.ThreadGroup: Starting thread group... number=2 threads=1 ramp-up=1 delayedStart=false
2025-09-26 17:17:58,067 INFO o.a.j.t.ThreadGroup: Started thread group number 2
2025-09-26 17:17:58,068 INFO o.a.j.e.StandardJMeterEngine: Starting ThreadGroup: 3 : User Login
2025-09-26 17:17:58,068 INFO o.a.j.e.StandardJMeterEngine: Starting 1 threads for group User Login.
2025-09-26 17:17:58,068 INFO o.a.j.e.StandardJMeterEngine: Thread will continue on error
2025-09-26 17:17:58,069 INFO o.a.j.t.ThreadGroup: Starting thread group... number=3 threads=1 ramp-up=1 delayedStart=false
2025-09-26 17:17:58,070 INFO o.a.j.t.ThreadGroup: Started thread group number 3
2025-09-26 17:17:58,070 INFO o.a.j.e.StandardJMeterEngine: Starting ThreadGroup: 4 : Complaint Operations
2025-09-26 17:17:58,070 INFO o.a.j.e.StandardJMeterEngine: Starting 1 threads for group Complaint Operations.
2025-09-26 17:17:58,071 INFO o.a.j.e.StandardJMeterEngine: Thread will continue on error
2025-09-26 17:17:58,071 INFO o.a.j.t.ThreadGroup: Starting thread group... number=4 threads=1 ramp-up=1 delayedStart=false
2025-09-26 17:17:58,072 INFO o.a.j.t.ThreadGroup: Started thread group number 4
2025-09-26 17:17:58,072 INFO o.a.j.e.StandardJMeterEngine: All thread groups have been started
2025-09-26 17:17:58,080 INFO o.a.j.t.JMeterThread: Thread started: Admin Login 1-1
2025-09-26 17:17:58,080 INFO o.a.j.t.JMeterThread: Thread started: User Registration 2-1
2025-09-26 17:17:58,080 INFO o.a.j.t.JMeterThread: Thread started: Complaint Operations 4-1
2025-09-26 17:17:58,080 INFO o.a.j.t.JMeterThread: Thread started: User Login 3-1
2025-09-26 17:17:58,159 INFO o.a.j.p.h.s.HTTPHCAbstractImpl: Local host = LAPTOP-R6CM2JFO
2025-09-26 17:17:58,188 INFO o.a.j.p.h.s.HTTPHC4Impl: HTTP request retry count = 0
2025-09-26 17:17:58,193 INFO o.a.j.s.SampleResult: Note: Sample TimeStamps are START times
2025-09-26 17:17:58,193 INFO o.a.j.s.SampleResult: sampleresult.default.encoding is set to UTF-8
2025-09-26 17:17:58,194 INFO o.a.j.s.SampleResult: sampleresult.useNanoTime=true
2025-09-26 17:17:58,194 INFO o.a.j.s.SampleResult: sampleresult.nanoThreadSleep=5000
2025-09-26 17:17:58,715 INFO o.a.j.t.JMeterThread: Thread is done: Complaint Operations 4-1
2025-09-26 17:17:58,715 INFO o.a.j.t.JMeterThread: Thread finished: Complaint Operations 4-1
2025-09-26 17:17:58,843 INFO o.a.j.t.JMeterThread: Thread is done: Admin Login 1-1
2025-09-26 17:17:58,843 INFO o.a.j.t.JMeterThread: Thread is done: User Registration 2-1
2025-09-26 17:17:58,843 INFO o.a.j.t.JMeterThread: Thread finished: Admin Login 1-1
2025-09-26 17:17:58,844 INFO o.a.j.t.JMeterThread: Thread finished: User Registration 2-1
2025-09-26 17:17:58,844 INFO o.a.j.t.JMeterThread: Thread is done: User Login 3-1
2025-09-26 17:17:58,845 INFO o.a.j.t.JMeterThread: Thread finished: User Login 3-1
2025-09-26 17:17:58,845 INFO o.a.j.e.StandardJMeterEngine: Notifying test listeners of end of test
2025-09-26 17:17:58,855 INFO o.a.j.r.Summariser: summary =      4 in 00:00:01 =    4.7/s Avg:   104 Min:   104 Max:   105 Err:     4 (100.00%)
