2025-09-26 13:09:34,332 INFO o.a.j.u.JMeterUtils: Setting Locale to en_EN
2025-09-26 13:09:34,362 INFO o.a.j.JMeter: Loading user properties from: C:\Users\gouri\Downloads\apache-jmeter-5.6.3\apache-jmeter-5.6.3\bin\user.properties
2025-09-26 13:09:34,363 INFO o.a.j.JMeter: Loading system properties from: C:\Users\gouri\Downloads\apache-jmeter-5.6.3\apache-jmeter-5.6.3\bin\system.properties
2025-09-26 13:09:34,373 INFO o.a.j.JMeter: Copyright (c) 1998-2024 The Apache Software Foundation
2025-09-26 13:09:34,373 INFO o.a.j.JMeter: Version 5.6.3
2025-09-26 13:09:34,374 INFO o.a.j.JMeter: java.version=21.0.6
2025-09-26 13:09:34,374 INFO o.a.j.JMeter: java.vm.name=OpenJDK 64-Bit Server VM
2025-09-26 13:09:34,374 INFO o.a.j.JMeter: os.name=Windows 11
2025-09-26 13:09:34,374 INFO o.a.j.JMeter: os.arch=amd64
2025-09-26 13:09:34,374 INFO o.a.j.JMeter: os.version=10.0
2025-09-26 13:09:34,374 INFO o.a.j.JMeter: file.encoding=UTF-8
2025-09-26 13:09:34,374 INFO o.a.j.JMeter: java.awt.headless=true
2025-09-26 13:09:34,374 INFO o.a.j.JMeter: Max memory     =1073741824
2025-09-26 13:09:34,375 INFO o.a.j.JMeter: Available Processors =8
2025-09-26 13:09:34,388 INFO o.a.j.JMeter: Default Locale=English (EN)
2025-09-26 13:09:34,389 INFO o.a.j.JMeter: JMeter  Locale=English (EN)
2025-09-26 13:09:34,389 INFO o.a.j.JMeter: JMeterHome=C:\Users\gouri\Downloads\apache-jmeter-5.6.3\apache-jmeter-5.6.3
2025-09-26 13:09:34,389 INFO o.a.j.JMeter: user.dir  =C:\Users\gouri\civil\civic-lens
2025-09-26 13:09:34,390 INFO o.a.j.JMeter: PWD       =C:\Users\gouri\civil\civic-lens
2025-09-26 13:09:34,397 INFO o.a.j.JMeter: IP: 192.168.108.153 Name: LAPTOP-R6CM2JFO FullName: 192.168.108.153
2025-09-26 13:09:34,418 ERROR o.a.j.JMeter: An error occurred: 
org.apache.jmeter.report.config.ConfigurationException: The file C:\Users\gouri\civil\civic-lens\civic-lens\tests\jmeter\api-test.jmx doesn't exist or can't be opened
	at org.apache.jmeter.JMeter.runNonGui(JMeter.java:950) ~[ApacheJMeter_core.jar:5.6.3]
	at org.apache.jmeter.JMeter.startNonGui(JMeter.java:940) ~[ApacheJMeter_core.jar:5.6.3]
	at org.apache.jmeter.JMeter.start(JMeter.java:508) [ApacheJMeter_core.jar:5.6.3]
	at java.base/jdk.internal.reflect.DirectMethodHandleAccessor.invoke(DirectMethodHandleAccessor.java:103) ~[?:?]
	at java.base/java.lang.reflect.Method.invoke(Method.java:580) ~[?:?]
	at org.apache.jmeter.NewDriver.main(NewDriver.java:259) [ApacheJMeter.jar:5.6.3]
